{"C:\\Users\\visitante.digital\\Sites\\carlos\\dripstore-api\\controllers\\productsController.js": {"path":"C:\\Users\\visitante.digital\\Sites\\carlos\\dripstore-api\\controllers\\productsController.js","statementMap":{"0":{"start":{"line":1,"column":28},"end":{"line":1,"column":63}},"1":{"start":{"line":2,"column":16},"end":{"line":2,"column":44}},"2":{"start":{"line":4,"column":13},"end":{"line":8,"column":1}},"3":{"start":{"line":5,"column":22},"end":{"line":5,"column":44}},"4":{"start":{"line":7,"column":2},"end":{"line":7,"column":43}},"5":{"start":{"line":10,"column":13},"end":{"line":22,"column":1}},"6":{"start":{"line":11,"column":24},"end":{"line":11,"column":38}},"7":{"start":{"line":12,"column":26},"end":{"line":12,"column":57}},"8":{"start":{"line":14,"column":2},"end":{"line":21,"column":3}},"9":{"start":{"line":15,"column":4},"end":{"line":15,"column":34}},"10":{"start":{"line":17,"column":4},"end":{"line":17,"column":24}},"11":{"start":{"line":18,"column":4},"end":{"line":20,"column":6}},"12":{"start":{"line":24,"column":15},"end":{"line":34,"column":1}},"13":{"start":{"line":25,"column":43},"end":{"line":25,"column":55}},"14":{"start":{"line":27,"column":20},"end":{"line":27,"column":56}},"15":{"start":{"line":28,"column":2},"end":{"line":30,"column":3}},"16":{"start":{"line":29,"column":4},"end":{"line":29,"column":47}},"17":{"start":{"line":32,"column":2},"end":{"line":32,"column":23}},"18":{"start":{"line":33,"column":2},"end":{"line":33,"column":18}},"19":{"start":{"line":36,"column":15},"end":{"line":55,"column":1}},"20":{"start":{"line":37,"column":21},"end":{"line":37,"column":44}},"21":{"start":{"line":38,"column":24},"end":{"line":38,"column":38}},"22":{"start":{"line":40,"column":20},"end":{"line":43,"column":3}},"23":{"start":{"line":45,"column":2},"end":{"line":54,"column":3}},"24":{"start":{"line":46,"column":4},"end":{"line":46,"column":24}},"25":{"start":{"line":47,"column":4},"end":{"line":49,"column":6}},"26":{"start":{"line":51,"column":4},"end":{"line":53,"column":6}},"27":{"start":{"line":57,"column":15},"end":{"line":87,"column":1}},"28":{"start":{"line":58,"column":21},"end":{"line":58,"column":44}},"29":{"start":{"line":59,"column":24},"end":{"line":59,"column":38}},"30":{"start":{"line":61,"column":20},"end":{"line":64,"column":3}},"31":{"start":{"line":66,"column":25},"end":{"line":69,"column":3}},"32":{"start":{"line":71,"column":29},"end":{"line":74,"column":3}},"33":{"start":{"line":76,"column":2},"end":{"line":85,"column":3}},"34":{"start":{"line":77,"column":4},"end":{"line":77,"column":24}},"35":{"start":{"line":78,"column":4},"end":{"line":80,"column":6}},"36":{"start":{"line":82,"column":4},"end":{"line":84,"column":6}},"37":{"start":{"line":89,"column":0},"end":{"line":95,"column":1}}},"fnMap":{"0":{"name":"(anonymous_0)","decl":{"start":{"line":4,"column":13},"end":{"line":4,"column":14}},"loc":{"start":{"line":4,"column":42},"end":{"line":8,"column":1}},"line":4},"1":{"name":"(anonymous_1)","decl":{"start":{"line":10,"column":13},"end":{"line":10,"column":14}},"loc":{"start":{"line":10,"column":42},"end":{"line":22,"column":1}},"line":10},"2":{"name":"(anonymous_2)","decl":{"start":{"line":24,"column":15},"end":{"line":24,"column":16}},"loc":{"start":{"line":24,"column":44},"end":{"line":34,"column":1}},"line":24},"3":{"name":"(anonymous_3)","decl":{"start":{"line":36,"column":15},"end":{"line":36,"column":16}},"loc":{"start":{"line":36,"column":44},"end":{"line":55,"column":1}},"line":36},"4":{"name":"(anonymous_4)","decl":{"start":{"line":57,"column":15},"end":{"line":57,"column":16}},"loc":{"start":{"line":57,"column":44},"end":{"line":87,"column":1}},"line":57}},"branchMap":{"0":{"loc":{"start":{"line":14,"column":2},"end":{"line":21,"column":3}},"type":"if","locations":[{"start":{"line":14,"column":2},"end":{"line":21,"column":3}},{"start":{"line":16,"column":9},"end":{"line":21,"column":3}}],"line":14},"1":{"loc":{"start":{"line":25,"column":23},"end":{"line":25,"column":38}},"type":"default-arg","locations":[{"start":{"line":25,"column":36},"end":{"line":25,"column":38}}],"line":25},"2":{"loc":{"start":{"line":28,"column":2},"end":{"line":30,"column":3}},"type":"if","locations":[{"start":{"line":28,"column":2},"end":{"line":30,"column":3}},{"start":{},"end":{}}],"line":28},"3":{"loc":{"start":{"line":45,"column":2},"end":{"line":54,"column":3}},"type":"if","locations":[{"start":{"line":45,"column":2},"end":{"line":54,"column":3}},{"start":{"line":50,"column":9},"end":{"line":54,"column":3}}],"line":45},"4":{"loc":{"start":{"line":76,"column":2},"end":{"line":85,"column":3}},"type":"if","locations":[{"start":{"line":76,"column":2},"end":{"line":85,"column":3}},{"start":{"line":81,"column":9},"end":{"line":85,"column":3}}],"line":76}},"s":{"0":1,"1":1,"2":1,"3":1,"4":1,"5":1,"6":2,"7":2,"8":2,"9":1,"10":1,"11":1,"12":1,"13":2,"14":2,"15":2,"16":1,"17":2,"18":2,"19":1,"20":0,"21":0,"22":0,"23":0,"24":0,"25":0,"26":0,"27":1,"28":0,"29":0,"30":0,"31":0,"32":0,"33":0,"34":0,"35":0,"36":0,"37":1},"f":{"0":1,"1":2,"2":2,"3":0,"4":0},"b":{"0":[1,1],"1":[1],"2":[1,1],"3":[0,0],"4":[0,0]},"_coverageSchema":"1a1c01bbd47fc00a2c39e90264f33305004495a9","hash":"7e46f841fe95525d8965442c15d6f3e953101a97"}
,"C:\\Users\\visitante.digital\\Sites\\carlos\\dripstore-api\\utils\\getDBConnection.js": {"path":"C:\\Users\\visitante.digital\\Sites\\carlos\\dripstore-api\\utils\\getDBConnection.js","statementMap":{"0":{"start":{"line":1,"column":14},"end":{"line":1,"column":39}},"1":{"start":{"line":3,"column":24},"end":{"line":13,"column":1}},"2":{"start":{"line":4,"column":21},"end":{"line":10,"column":4}},"3":{"start":{"line":12,"column":2},"end":{"line":12,"column":20}},"4":{"start":{"line":15,"column":0},"end":{"line":15,"column":37}}},"fnMap":{"0":{"name":"(anonymous_0)","decl":{"start":{"line":3,"column":24},"end":{"line":3,"column":25}},"loc":{"start":{"line":3,"column":36},"end":{"line":13,"column":1}},"line":3}},"branchMap":{},"s":{"0":1,"1":1,"2":0,"3":0,"4":1},"f":{"0":0},"b":{},"_coverageSchema":"1a1c01bbd47fc00a2c39e90264f33305004495a9","hash":"ff97d343fc38379efa8bd242d9821c7d6a6c8909"}
}
