TN:
SF:controllers\productsController.js
FN:4,(anonymous_0)
FN:10,(anonymous_1)
FN:24,(anonymous_2)
FN:36,(anonymous_3)
FN:57,(anonymous_4)
FNF:5
FNH:3
FNDA:1,(anonymous_0)
FNDA:2,(anonymous_1)
FNDA:2,(anonymous_2)
FNDA:0,(anonymous_3)
FNDA:0,(anonymous_4)
DA:1,1
DA:2,1
DA:4,1
DA:5,1
DA:7,1
DA:10,1
DA:11,2
DA:12,2
DA:14,2
DA:15,1
DA:17,1
DA:18,1
DA:24,1
DA:25,2
DA:27,2
DA:28,2
DA:29,1
DA:32,2
DA:33,2
DA:36,1
DA:37,0
DA:38,0
DA:40,0
DA:45,0
DA:46,0
DA:47,0
DA:51,0
DA:57,1
DA:58,0
DA:59,0
DA:61,0
DA:66,0
DA:71,0
DA:76,0
DA:77,0
DA:78,0
DA:82,0
DA:89,1
LF:38
LH:22
BRDA:14,0,0,1
BRDA:14,0,1,1
BRDA:25,1,0,1
BRDA:28,2,0,1
BRDA:28,2,1,1
BRDA:45,3,0,0
BRDA:45,3,1,0
BRDA:76,4,0,0
BRDA:76,4,1,0
BRF:9
BRH:5
end_of_record
TN:
SF:utils\getDBConnection.js
FN:3,(anonymous_0)
FNF:1
FNH:0
FNDA:0,(anonymous_0)
DA:1,1
DA:3,1
DA:4,0
DA:12,0
DA:15,1
LF:5
LH:3
BRF:0
BRH:0
end_of_record
